# JRE version: Java(TM) SE Runtime Environment (22.0.2+9) (build 22.0.2+9-70)
# Java VM: Java HotSpot(TM) 64-Bit Server VM (22.0.2+9-70, mixed mode, tiered, compressed oops, compressed class ptrs, g1 gc, bsd-aarch64)
Heap:
 garbage-first heap   total reserved 2097152K, committed 76800K, used 54617K [0x0000000780000000, 0x0000000800000000)
  region size 1024K, 21 young (21504K), 4 survivors (4096K)
 Metaspace       used 42630K, committed 43392K, reserved 1114112K
  class space    used 5174K, committed 5504K, reserved 1048576K
GC Heap History (18 events):
Event: 0.358 GC heap before
{Heap before GC invocations=0 (full 0):
 garbage-first heap   total reserved 2097152K, committed 131072K, used 23552K [0x0000000780000000, 0x0000000800000000)
  region size 1024K, 24 young (24576K), 0 survivors (0K)
 Metaspace       used 14331K, committed 14528K, reserved 1114112K
  class space    used 1509K, committed 1600K, reserved 1048576K
}
Event: 0.360 GC heap after
{Heap after GC invocations=1 (full 0):
 garbage-first heap   total reserved 2097152K, committed 131072K, used 3088K [0x0000000780000000, 0x0000000800000000)
  region size 1024K, 3 young (3072K), 3 survivors (3072K)
 Metaspace       used 14331K, committed 14528K, reserved 1114112K
  class space    used 1509K, committed 1600K, reserved 1048576K
}
Event: 5.974 GC heap before
{Heap before GC invocations=1 (full 0):
 garbage-first heap   total reserved 2097152K, committed 131072K, used 19472K [0x0000000780000000, 0x0000000800000000)
  region size 1024K, 21 young (21504K), 3 survivors (3072K)
 Metaspace       used 21262K, committed 21504K, reserved 1114112K
  class space    used 2311K, committed 2432K, reserved 1048576K
}
Event: 5.977 GC heap after
{Heap after GC invocations=2 (full 0):
 garbage-first heap   total reserved 2097152K, committed 131072K, used 5719K [0x0000000780000000, 0x0000000800000000)
  region size 1024K, 3 young (3072K), 3 survivors (3072K)
 Metaspace       used 21262K, committed 21504K, reserved 1114112K
  class space    used 2311K, committed 2432K, reserved 1048576K
}
Event: 6.060 GC heap before
{Heap before GC invocations=3 (full 0):
 garbage-first heap   total reserved 2097152K, committed 20480K, used 20055K [0x0000000780000000, 0x0000000800000000)
  region size 1024K, 11 young (11264K), 3 survivors (3072K)
 Metaspace       used 22715K, committed 22912K, reserved 1114112K
  class space    used 2477K, committed 2560K, reserved 1048576K
}
Event: 6.062 GC heap after
{Heap after GC invocations=4 (full 0):
 garbage-first heap   total reserved 2097152K, committed 23552K, used 11956K [0x0000000780000000, 0x0000000800000000)
  region size 1024K, 3 young (3072K), 3 survivors (3072K)
 Metaspace       used 22715K, committed 22912K, reserved 1114112K
  class space    used 2477K, committed 2560K, reserved 1048576K
}
Event: 6.314 GC heap before
{Heap before GC invocations=4 (full 0):
 garbage-first heap   total reserved 2097152K, committed 23552K, used 21172K [0x0000000780000000, 0x0000000800000000)
  region size 1024K, 9 young (9216K), 3 survivors (3072K)
 Metaspace       used 24015K, committed 24320K, reserved 1114112K
  class space    used 2639K, committed 2816K, reserved 1048576K
}
Event: 6.316 GC heap after
{Heap after GC invocations=5 (full 0):
 garbage-first heap   total reserved 2097152K, committed 25600K, used 15194K [0x0000000780000000, 0x0000000800000000)
  region size 1024K, 1 young (1024K), 1 survivors (1024K)
 Metaspace       used 24015K, committed 24320K, reserved 1114112K
  class space    used 2639K, committed 2816K, reserved 1048576K
}
Event: 10.521 GC heap before
{Heap before GC invocations=5 (full 0):
 garbage-first heap   total reserved 2097152K, committed 25600K, used 21338K [0x0000000780000000, 0x0000000800000000)
  region size 1024K, 8 young (8192K), 1 survivors (1024K)
 Metaspace       used 28820K, committed 29184K, reserved 1114112K
  class space    used 3242K, committed 3392K, reserved 1048576K
}
Event: 10.522 GC heap after
{Heap after GC invocations=6 (full 0):
 garbage-first heap   total reserved 2097152K, committed 25600K, used 16519K [0x0000000780000000, 0x0000000800000000)
  region size 1024K, 1 young (1024K), 1 survivors (1024K)
 Metaspace       used 28820K, committed 29184K, reserved 1114112K
  class space    used 3242K, committed 3392K, reserved 1048576K
}
Event: 10.578 GC heap before
{Heap before GC invocations=7 (full 0):
 garbage-first heap   total reserved 2097152K, committed 29696K, used 21639K [0x0000000780000000, 0x0000000800000000)
  region size 1024K, 6 young (6144K), 1 survivors (1024K)
 Metaspace       used 29995K, committed 30592K, reserved 1114112K
  class space    used 3477K, committed 3712K, reserved 1048576K
}
Event: 10.579 GC heap after
{Heap after GC invocations=8 (full 0):
 garbage-first heap   total reserved 2097152K, committed 29696K, used 17020K [0x0000000780000000, 0x0000000800000000)
  region size 1024K, 1 young (1024K), 1 survivors (1024K)
 Metaspace       used 29995K, committed 30592K, reserved 1114112K
  class space    used 3477K, committed 3712K, reserved 1048576K
}
Event: 10.680 GC heap before
{Heap before GC invocations=8 (full 0):
 garbage-first heap   total reserved 2097152K, committed 29696K, used 24188K [0x0000000780000000, 0x0000000800000000)
  region size 1024K, 9 young (9216K), 1 survivors (1024K)
 Metaspace       used 30886K, committed 31552K, reserved 1114112K
  class space    used 3553K, committed 3840K, reserved 1048576K
}
Event: 10.680 GC heap after
{Heap after GC invocations=9 (full 0):
 garbage-first heap   total reserved 2097152K, committed 80896K, used 17635K [0x0000000780000000, 0x0000000800000000)
  region size 1024K, 2 young (2048K), 2 survivors (2048K)
 Metaspace       used 30886K, committed 31552K, reserved 1114112K
  class space    used 3553K, committed 3840K, reserved 1048576K
}
Event: 35.666 GC heap before
{Heap before GC invocations=10 (full 0):
 garbage-first heap   total reserved 2097152K, committed 65536K, used 60643K [0x0000000780000000, 0x0000000800000000)
  region size 1024K, 45 young (46080K), 2 survivors (2048K)
 Metaspace       used 36324K, committed 37056K, reserved 1114112K
  class space    used 4262K, committed 4544K, reserved 1048576K
}
Event: 35.671 GC heap after
{Heap after GC invocations=11 (full 0):
 garbage-first heap   total reserved 2097152K, committed 76800K, used 29760K [0x0000000780000000, 0x0000000800000000)
  region size 1024K, 6 young (6144K), 6 survivors (6144K)
 Metaspace       used 36324K, committed 37056K, reserved 1114112K
  class space    used 4262K, committed 4544K, reserved 1048576K
}
Event: 35.984 GC heap before
{Heap before GC invocations=11 (full 0):
 garbage-first heap   total reserved 2097152K, committed 76800K, used 57408K [0x0000000780000000, 0x0000000800000000)
  region size 1024K, 32 young (32768K), 6 survivors (6144K)
 Metaspace       used 40549K, committed 41280K, reserved 1114112K
  class space    used 4873K, committed 5184K, reserved 1048576K
}
Event: 35.986 GC heap after
{Heap after GC invocations=12 (full 0):
 garbage-first heap   total reserved 2097152K, committed 76800K, used 34226K [0x0000000780000000, 0x0000000800000000)
  region size 1024K, 4 young (4096K), 4 survivors (4096K)
 Metaspace       used 40549K, committed 41280K, reserved 1114112K
  class space    used 4873K, committed 5184K, reserved 1048576K
}

