# JRE version: Java(TM) SE Runtime Environment (22.0.2+9) (build 22.0.2+9-70)
# Java VM: Java HotSpot(TM) 64-Bit Server VM (22.0.2+9-70, mixed mode, tiered, compressed oops, compressed class ptrs, g1 gc, bsd-aarch64)
Heap:
 garbage-first heap   total reserved 2097152K, committed 75776K, used 42648K [0x0000000780000000, 0x0000000800000000)
  region size 1024K, 17 young (17408K), 6 survivors (6144K)
 Metaspace       used 40417K, committed 41152K, reserved 1114112K
  class space    used 4891K, committed 5184K, reserved 1048576K
GC Heap History (18 events):
Event: 0.311 GC heap before
{Heap before GC invocations=0 (full 0):
 garbage-first heap   total reserved 2097152K, committed 131072K, used 24576K [0x0000000780000000, 0x0000000800000000)
  region size 1024K, 24 young (24576K), 0 survivors (0K)
 Metaspace       used 14314K, committed 14528K, reserved 1114112K
  class space    used 1511K, committed 1600K, reserved 1048576K
}
Event: 0.314 GC heap after
{Heap after GC invocations=1 (full 0):
 garbage-first heap   total reserved 2097152K, committed 131072K, used 3072K [0x0000000780000000, 0x0000000800000000)
  region size 1024K, 3 young (3072K), 3 survivors (3072K)
 Metaspace       used 14314K, committed 14528K, reserved 1114112K
  class space    used 1511K, committed 1600K, reserved 1048576K
}
Event: 5.676 GC heap before
{Heap before GC invocations=1 (full 0):
 garbage-first heap   total reserved 2097152K, committed 131072K, used 19456K [0x0000000780000000, 0x0000000800000000)
  region size 1024K, 21 young (21504K), 3 survivors (3072K)
 Metaspace       used 21265K, committed 21504K, reserved 1114112K
  class space    used 2316K, committed 2432K, reserved 1048576K
}
Event: 5.679 GC heap after
{Heap after GC invocations=2 (full 0):
 garbage-first heap   total reserved 2097152K, committed 131072K, used 5385K [0x0000000780000000, 0x0000000800000000)
  region size 1024K, 3 young (3072K), 3 survivors (3072K)
 Metaspace       used 21265K, committed 21504K, reserved 1114112K
  class space    used 2316K, committed 2432K, reserved 1048576K
}
Event: 5.757 GC heap before
{Heap before GC invocations=3 (full 0):
 garbage-first heap   total reserved 2097152K, committed 20480K, used 19721K [0x0000000780000000, 0x0000000800000000)
  region size 1024K, 11 young (11264K), 3 survivors (3072K)
 Metaspace       used 22701K, committed 22912K, reserved 1114112K
  class space    used 2478K, committed 2560K, reserved 1048576K
}
Event: 5.758 GC heap after
{Heap after GC invocations=4 (full 0):
 garbage-first heap   total reserved 2097152K, committed 23552K, used 12172K [0x0000000780000000, 0x0000000800000000)
  region size 1024K, 3 young (3072K), 3 survivors (3072K)
 Metaspace       used 22701K, committed 22912K, reserved 1114112K
  class space    used 2478K, committed 2560K, reserved 1048576K
}
Event: 5.769 GC heap before
{Heap before GC invocations=4 (full 0):
 garbage-first heap   total reserved 2097152K, committed 23552K, used 13196K [0x0000000780000000, 0x0000000800000000)
  region size 1024K, 5 young (5120K), 3 survivors (3072K)
 Metaspace       used 22732K, committed 22976K, reserved 1114112K
  class space    used 2481K, committed 2560K, reserved 1048576K
}
Event: 5.771 GC heap after
{Heap after GC invocations=5 (full 0):
 garbage-first heap   total reserved 2097152K, committed 23552K, used 12292K [0x0000000780000000, 0x0000000800000000)
  region size 1024K, 1 young (1024K), 1 survivors (1024K)
 Metaspace       used 22732K, committed 22976K, reserved 1114112K
  class space    used 2481K, committed 2560K, reserved 1048576K
}
Event: 10.024 GC heap before
{Heap before GC invocations=6 (full 0):
 garbage-first heap   total reserved 2097152K, committed 27648K, used 21508K [0x0000000780000000, 0x0000000800000000)
  region size 1024K, 8 young (8192K), 1 survivors (1024K)
 Metaspace       used 26495K, committed 26816K, reserved 1114112K
  class space    used 2951K, committed 3072K, reserved 1048576K
}
Event: 10.026 GC heap after
{Heap after GC invocations=7 (full 0):
 garbage-first heap   total reserved 2097152K, committed 27648K, used 16141K [0x0000000780000000, 0x0000000800000000)
  region size 1024K, 1 young (1024K), 1 survivors (1024K)
 Metaspace       used 26495K, committed 26816K, reserved 1114112K
  class space    used 2951K, committed 3072K, reserved 1048576K
}
Event: 10.166 GC heap before
{Heap before GC invocations=7 (full 0):
 garbage-first heap   total reserved 2097152K, committed 27648K, used 24333K [0x0000000780000000, 0x0000000800000000)
  region size 1024K, 9 young (9216K), 1 survivors (1024K)
 Metaspace       used 29858K, committed 30464K, reserved 1114112K
  class space    used 3445K, committed 3712K, reserved 1048576K
}
Event: 10.167 GC heap after
{Heap after GC invocations=8 (full 0):
 garbage-first heap   total reserved 2097152K, committed 27648K, used 17009K [0x0000000780000000, 0x0000000800000000)
  region size 1024K, 2 young (2048K), 2 survivors (2048K)
 Metaspace       used 29858K, committed 30464K, reserved 1114112K
  class space    used 3445K, committed 3712K, reserved 1048576K
}
Event: 10.234 GC heap before
{Heap before GC invocations=9 (full 0):
 garbage-first heap   total reserved 2097152K, committed 29696K, used 22129K [0x0000000780000000, 0x0000000800000000)
  region size 1024K, 8 young (8192K), 2 survivors (2048K)
 Metaspace       used 30719K, committed 31360K, reserved 1114112K
  class space    used 3549K, committed 3840K, reserved 1048576K
}
Event: 10.236 GC heap after
{Heap after GC invocations=10 (full 0):
 garbage-first heap   total reserved 2097152K, committed 29696K, used 17588K [0x0000000780000000, 0x0000000800000000)
  region size 1024K, 1 young (1024K), 1 survivors (1024K)
 Metaspace       used 30719K, committed 31360K, reserved 1114112K
  class space    used 3549K, committed 3840K, reserved 1048576K
}
Event: 12.276 GC heap before
{Heap before GC invocations=10 (full 0):
 garbage-first heap   total reserved 2097152K, committed 29696K, used 25780K [0x0000000780000000, 0x0000000800000000)
  region size 1024K, 9 young (9216K), 1 survivors (1024K)
 Metaspace       used 31275K, committed 32000K, reserved 1114112K
  class space    used 3592K, committed 3904K, reserved 1048576K
}
Event: 12.280 GC heap after
{Heap after GC invocations=11 (full 0):
 garbage-first heap   total reserved 2097152K, committed 80896K, used 19070K [0x0000000780000000, 0x0000000800000000)
  region size 1024K, 2 young (2048K), 2 survivors (2048K)
 Metaspace       used 31275K, committed 32000K, reserved 1114112K
  class space    used 3592K, committed 3904K, reserved 1048576K
}
Event: 17.041 GC heap before
{Heap before GC invocations=12 (full 0):
 garbage-first heap   total reserved 2097152K, committed 65536K, used 64126K [0x0000000780000000, 0x0000000800000000)
  region size 1024K, 47 young (48128K), 2 survivors (2048K)
 Metaspace       used 39576K, committed 40384K, reserved 1114112K
  class space    used 4807K, committed 5120K, reserved 1048576K
}
Event: 17.044 GC heap after
{Heap after GC invocations=13 (full 0):
 garbage-first heap   total reserved 2097152K, committed 75776K, used 26364K [0x0000000780000000, 0x0000000800000000)
  region size 1024K, 6 young (6144K), 6 survivors (6144K)
 Metaspace       used 39576K, committed 40384K, reserved 1114112K
  class space    used 4807K, committed 5120K, reserved 1048576K
}

